<?xml version="1.0" encoding="UTF-8"?>
<!-- Generated by org.testng.reporters.JUnitXMLReporter -->
<testsuite ignored="0" hostname="WINDOWS-5CUU06H" failures="0" tests="9" name="smoke" time="60.76" errors="0" timestamp="2025-07-17T19:48:24 MESZ">
  <testcase classname="com.internethero.tests.ContextMenuTests" name="rightClickMenuTest" time="0.354"/>
  <testcase classname="com.internethero.tests.DropdownListTests" name="selectFromDropdownListTest" time="0.535"/>
  <testcase classname="com.internethero.tests.FrameTests" name="frameTest" time="1.538"/>
  <testcase classname="com.internethero.tests.FrameTests" name="nestedFrameTest" time="0.565"/>
  <testcase classname="com.internethero.tests.HoverTests" name="checkFirstHover" time="0.18"/>
  <testcase classname="com.internethero.tests.HoverTests" name="checkLastHover" time="0.2"/>
  <testcase classname="com.internethero.tests.JavaScripAlertTests" name="jsAlertTest" time="0.165"/>
  <testcase classname="com.internethero.tests.JavaScripAlertTests" name="jsConfirmAlertTest" time="0.128"/>
  <testcase classname="com.internethero.tests.JavaScripAlertTests" name="jsPromtAlertTest" time="0.154"/>
</testsuite> <!-- smoke -->
